[0.016s] Invoking command in '/home/prhayogo/Downloads/Nexus_Gazebo/build/nexus_gazebo': CMAKE_PREFIX_PATH=${CMAKE_PREFIX_PATH}:/home/prhayogo/Documents/maen_ws/install/micro_ros_setup:/home/prhayogo/Documents/maen_ws/install/micro_ros_msgs:/home/prhayogo/Documents/maen_ws/install/drive_base_msgs:/home/prhayogo/Documents/robot_ws/install/gui_kfs_pkg:/home/prhayogo/Documents/robot_ws/install/mehua_forest:/home/prhayogo/Documents/robot_ws/install/mehuaStar:/opt/ros/jazzy DEBUGINFOD_URLS=https://debuginfod.ubuntu.com /usr/bin/cmake --build /home/prhayogo/Downloads/Nexus_Gazebo/build/nexus_gazebo -- -j16 -l16
[0.132s] [ 28%] [32mBuilding CXX object CMakeFiles/waypoint.dir/src/waypoint.cpp.o[0m
[0.132s] [ 28%] [32mBuilding CXX object CMakeFiles/movement.dir/src/movement.cpp.o[0m
[0.132s] [ 35%] [32mBuilding CXX object CMakeFiles/obstacle_avoidance.dir/src/obstacle_avoidance.cpp.o[0m
[0.132s] [ 35%] Built target cam_localization
[0.132s] [ 71%] Built target aruco
[0.132s] [ 71%] [32mBuilding CXX object CMakeFiles/cam.dir/src/cam.cpp.o[0m
[0.132s] [ 71%] Built target aruco_localization
[0.156s] [01m[Kcc1plus:[m[K [01;31m[Kfatal error: [m[K/home/prhayogo/Downloads/Nexus_Gazebo/src/cam.cpp: No such file or directory
[0.156s] [01m[Kcc1plus:[m[K [01;31m[Kfatal error: [m[K/home/prhayogo/Downloads/Nexus_Gazebo/src/obstacle_avoidance.cpp: No such file or directory
[0.156s] [01m[Kcc1plus:[m[K [01;31m[Kfatal error: [m[K/home/prhayogo/Downloads/Nexus_Gazebo/src/movement.cpp: No such file or directory
[0.156s] [01m[Kcc1plus:[m[K [01;31m[Kfatal error: [m[K/home/prhayogo/Downloads/Nexus_Gazebo/src/waypoint.cpp: No such file or directory
[0.156s] compilation terminated.
[0.156s] compilation terminated.
[0.156s] compilation terminated.
[0.156s] compilation terminated.
[0.157s] gmake[2]: *** [CMakeFiles/movement.dir/build.make:76: CMakeFiles/movement.dir/src/movement.cpp.o] Error 1
[0.158s] gmake[2]: *** [CMakeFiles/waypoint.dir/build.make:76: CMakeFiles/waypoint.dir/src/waypoint.cpp.o] Error 1
[0.158s] gmake[2]: *** [CMakeFiles/obstacle_avoidance.dir/build.make:76: CMakeFiles/obstacle_avoidance.dir/src/obstacle_avoidance.cpp.o] Error 1
[0.158s] gmake[2]: *** [CMakeFiles/cam.dir/build.make:76: CMakeFiles/cam.dir/src/cam.cpp.o] Error 1
[0.158s] gmake[1]: *** [CMakeFiles/Makefile2:253: CMakeFiles/cam.dir/all] Error 2
[0.158s] gmake[1]: *** Waiting for unfinished jobs....
[0.158s] gmake[1]: *** [CMakeFiles/Makefile2:149: CMakeFiles/waypoint.dir/all] Error 2
[0.158s] gmake[1]: *** [CMakeFiles/Makefile2:175: CMakeFiles/movement.dir/all] Error 2
[0.158s] gmake[1]: *** [CMakeFiles/Makefile2:305: CMakeFiles/obstacle_avoidance.dir/all] Error 2
[0.158s] gmake: *** [Makefile:146: all] Error 2
[0.160s] Invoked command in '/home/prhayogo/Downloads/Nexus_Gazebo/build/nexus_gazebo' returned '2': CMAKE_PREFIX_PATH=${CMAKE_PREFIX_PATH}:/home/prhayogo/Documents/maen_ws/install/micro_ros_setup:/home/prhayogo/Documents/maen_ws/install/micro_ros_msgs:/home/prhayogo/Documents/maen_ws/install/drive_base_msgs:/home/prhayogo/Documents/robot_ws/install/gui_kfs_pkg:/home/prhayogo/Documents/robot_ws/install/mehua_forest:/home/prhayogo/Documents/robot_ws/install/mehuaStar:/opt/ros/jazzy DEBUGINFOD_URLS=https://debuginfod.ubuntu.com /usr/bin/cmake --build /home/prhayogo/Downloads/Nexus_Gazebo/build/nexus_gazebo -- -j16 -l16
