[0.014s] Invoking command in '/home/prhayogo/Downloads/Nexus_Gazebo/build/nexus_gazebo': CMAKE_PREFIX_PATH=${CMAKE_PREFIX_PATH}:/opt/ros/jazzy DEBUGINFOD_URLS=https://debuginfod.ubuntu.com /usr/bin/cmake --build /home/prhayogo/Downloads/Nexus_Gazebo/build/nexus_gazebo -- -j16 -l16
[0.093s] [ 42%] Built target waypoint
[0.093s] [ 42%] Built target cam_localization
[0.093s] [ 42%] Built target cam
[0.095s] [ 71%] Built target aruco
[0.096s] [ 71%] Built target obstacle_avoidance
[0.098s] [ 85%] Built target movement
[0.107s] [ 92%] [32mBuilding CXX object CMakeFiles/aruco_localization.dir/src/aruco_localization.cpp.o[0m
[11.657s] [100%] [32m[1mLinking CXX executable aruco_localization[0m
[12.201s] [100%] Built target aruco_localization
[12.216s] Invoked command in '/home/prhayogo/Downloads/Nexus_Gazebo/build/nexus_gazebo' returned '0': CMAKE_PREFIX_PATH=${CMAKE_PREFIX_PATH}:/opt/ros/jazzy DEBUGINFOD_URLS=https://debuginfod.ubuntu.com /usr/bin/cmake --build /home/prhayogo/Downloads/Nexus_Gazebo/build/nexus_gazebo -- -j16 -l16
[12.227s] Invoking command in '/home/prhayogo/Downloads/Nexus_Gazebo/build/nexus_gazebo': CMAKE_PREFIX_PATH=${CMAKE_PREFIX_PATH}:/opt/ros/jazzy DEBUGINFOD_URLS=https://debuginfod.ubuntu.com /usr/bin/cmake --install /home/prhayogo/Downloads/Nexus_Gazebo/build/nexus_gazebo
[12.238s] -- Install configuration: ""
[12.238s] -- Up-to-date: /home/prhayogo/Downloads/Nexus_Gazebo/install/nexus_gazebo/lib/nexus_gazebo/cam
[12.238s] -- Up-to-date: /home/prhayogo/Downloads/Nexus_Gazebo/install/nexus_gazebo/lib/nexus_gazebo/cam_localization
[12.238s] -- Up-to-date: /home/prhayogo/Downloads/Nexus_Gazebo/install/nexus_gazebo/lib/nexus_gazebo/obstacle_avoidance
[12.239s] -- Up-to-date: /home/prhayogo/Downloads/Nexus_Gazebo/install/nexus_gazebo/lib/nexus_gazebo/waypoint
[12.239s] -- Up-to-date: /home/prhayogo/Downloads/Nexus_Gazebo/install/nexus_gazebo/lib/nexus_gazebo/movement
[12.240s] -- Up-to-date: /home/prhayogo/Downloads/Nexus_Gazebo/install/nexus_gazebo/lib/nexus_gazebo/aruco
[12.240s] -- Installing: /home/prhayogo/Downloads/Nexus_Gazebo/install/nexus_gazebo/lib/nexus_gazebo/aruco_localization
[12.255s] -- Set non-toolchain portion of runtime path of "/home/prhayogo/Downloads/Nexus_Gazebo/install/nexus_gazebo/lib/nexus_gazebo/aruco_localization" to ""
[12.255s] -- Up-to-date: /home/prhayogo/Downloads/Nexus_Gazebo/install/nexus_gazebo/share/ament_index/resource_index/package_run_dependencies/nexus_gazebo
[12.255s] -- Up-to-date: /home/prhayogo/Downloads/Nexus_Gazebo/install/nexus_gazebo/share/ament_index/resource_index/parent_prefix_path/nexus_gazebo
[12.256s] -- Up-to-date: /home/prhayogo/Downloads/Nexus_Gazebo/install/nexus_gazebo/share/nexus_gazebo/environment/ament_prefix_path.sh
[12.256s] -- Up-to-date: /home/prhayogo/Downloads/Nexus_Gazebo/install/nexus_gazebo/share/nexus_gazebo/environment/ament_prefix_path.dsv
[12.256s] -- Up-to-date: /home/prhayogo/Downloads/Nexus_Gazebo/install/nexus_gazebo/share/nexus_gazebo/environment/path.sh
[12.256s] -- Up-to-date: /home/prhayogo/Downloads/Nexus_Gazebo/install/nexus_gazebo/share/nexus_gazebo/environment/path.dsv
[12.256s] -- Up-to-date: /home/prhayogo/Downloads/Nexus_Gazebo/install/nexus_gazebo/share/nexus_gazebo/local_setup.bash
[12.256s] -- Up-to-date: /home/prhayogo/Downloads/Nexus_Gazebo/install/nexus_gazebo/share/nexus_gazebo/local_setup.sh
[12.256s] -- Up-to-date: /home/prhayogo/Downloads/Nexus_Gazebo/install/nexus_gazebo/share/nexus_gazebo/local_setup.zsh
[12.256s] -- Up-to-date: /home/prhayogo/Downloads/Nexus_Gazebo/install/nexus_gazebo/share/nexus_gazebo/local_setup.dsv
[12.256s] -- Installing: /home/prhayogo/Downloads/Nexus_Gazebo/install/nexus_gazebo/share/nexus_gazebo/package.dsv
[12.256s] -- Up-to-date: /home/prhayogo/Downloads/Nexus_Gazebo/install/nexus_gazebo/share/ament_index/resource_index/packages/nexus_gazebo
[12.257s] -- Up-to-date: /home/prhayogo/Downloads/Nexus_Gazebo/install/nexus_gazebo/share/nexus_gazebo/cmake/nexus_gazeboConfig.cmake
[12.257s] -- Up-to-date: /home/prhayogo/Downloads/Nexus_Gazebo/install/nexus_gazebo/share/nexus_gazebo/cmake/nexus_gazeboConfig-version.cmake
[12.257s] -- Up-to-date: /home/prhayogo/Downloads/Nexus_Gazebo/install/nexus_gazebo/share/nexus_gazebo/package.xml
[12.258s] Invoked command in '/home/prhayogo/Downloads/Nexus_Gazebo/build/nexus_gazebo' returned '0': CMAKE_PREFIX_PATH=${CMAKE_PREFIX_PATH}:/opt/ros/jazzy DEBUGINFOD_URLS=https://debuginfod.ubuntu.com /usr/bin/cmake --install /home/prhayogo/Downloads/Nexus_Gazebo/build/nexus_gazebo
