[0.271s] DEBUG:colcon:Command line arguments: ['/usr/bin/colcon', 'build']
[0.272s] DEBUG:colcon:Parsed command line arguments: Namespace(log_base=None, log_level=None, verb_name='build', build_base='build', install_base='install', merge_install=False, symlink_install=False, test_result_base=None, continue_on_error=False, executor='parallel', parallel_workers=16, event_handlers=None, ignore_user_meta=False, metas=['./colcon.meta'], base_paths=['.'], packages_ignore=None, packages_ignore_regex=None, paths=None, packages_up_to=None, packages_up_to_regex=None, packages_above=None, packages_above_and_dependencies=None, packages_above_depth=None, packages_select_by_dep=None, packages_skip_by_dep=None, packages_skip_up_to=None, packages_select_build_failed=False, packages_skip_build_finished=False, packages_select_test_failures=False, packages_skip_test_passed=False, packages_select=None, packages_skip=None, packages_select_regex=None, packages_skip_regex=None, packages_start=None, packages_end=None, cmake_args=None, cmake_target=None, cmake_target_skip_unavailable=False, cmake_clean_cache=False, cmake_clean_first=False, cmake_force_configure=False, ament_cmake_args=None, catkin_cmake_args=None, catkin_skip_building_tests=False, verb_parser=<colcon_defaults.argument_parser.defaults.DefaultArgumentsDecorator object at 0x750442c428d0>, verb_extension=<colcon_core.verb.build.BuildVerb object at 0x750442c426c0>, main=<bound method BuildVerb.main of <colcon_core.verb.build.BuildVerb object at 0x750442c426c0>>)
[0.362s] Level 1:colcon.colcon_core.package_discovery:discover_packages(colcon_meta) check parameters
[0.362s] Level 1:colcon.colcon_core.package_discovery:discover_packages(recursive) check parameters
[0.362s] Level 1:colcon.colcon_core.package_discovery:discover_packages(ignore) check parameters
[0.362s] Level 1:colcon.colcon_core.package_discovery:discover_packages(path) check parameters
[0.362s] Level 1:colcon.colcon_core.package_discovery:discover_packages(colcon_meta) discover
[0.363s] Level 1:colcon.colcon_core.package_discovery:discover_packages(recursive) discover
[0.363s] INFO:colcon.colcon_core.package_discovery:Crawling recursively for packages in '/home/prhayogo/Downloads/Nexus_Gazebo'
[0.363s] Level 1:colcon.colcon_core.package_identification:_identify(.) by extensions ['ignore', 'ignore_ament_install']
[0.363s] Level 1:colcon.colcon_core.package_identification:_identify(.) by extension 'ignore'
[0.363s] Level 1:colcon.colcon_core.package_identification:_identify(.) by extension 'ignore_ament_install'
[0.363s] Level 1:colcon.colcon_core.package_identification:_identify(.) by extensions ['colcon_pkg']
[0.363s] Level 1:colcon.colcon_core.package_identification:_identify(.) by extension 'colcon_pkg'
[0.364s] Level 1:colcon.colcon_core.package_identification:_identify(.) by extensions ['colcon_meta']
[0.364s] Level 1:colcon.colcon_core.package_identification:_identify(.) by extension 'colcon_meta'
[0.364s] Level 1:colcon.colcon_core.package_identification:_identify(.) by extensions ['ros']
[0.364s] Level 1:colcon.colcon_core.package_identification:_identify(.) by extension 'ros'
[0.405s] DEBUG:colcon.colcon_core.package_identification:Package '.' with type 'ros.ament_cmake' and name 'nexus_gazebo'
[0.406s] Level 1:colcon.colcon_core.package_discovery:discover_packages(recursive) using defaults
[0.406s] Level 1:colcon.colcon_core.package_discovery:discover_packages(ignore) discover
[0.406s] Level 1:colcon.colcon_core.package_discovery:discover_packages(ignore) using defaults
[0.406s] Level 1:colcon.colcon_core.package_discovery:discover_packages(path) discover
[0.406s] Level 1:colcon.colcon_core.package_discovery:discover_packages(path) using defaults
[0.429s] Level 5:colcon.colcon_core.verb:set package 'nexus_gazebo' build argument 'cmake_args' from command line to 'None'
[0.429s] Level 5:colcon.colcon_core.verb:set package 'nexus_gazebo' build argument 'cmake_target' from command line to 'None'
[0.429s] Level 5:colcon.colcon_core.verb:set package 'nexus_gazebo' build argument 'cmake_target_skip_unavailable' from command line to 'False'
[0.429s] Level 5:colcon.colcon_core.verb:set package 'nexus_gazebo' build argument 'cmake_clean_cache' from command line to 'False'
[0.429s] Level 5:colcon.colcon_core.verb:set package 'nexus_gazebo' build argument 'cmake_clean_first' from command line to 'False'
[0.429s] Level 5:colcon.colcon_core.verb:set package 'nexus_gazebo' build argument 'cmake_force_configure' from command line to 'False'
[0.429s] Level 5:colcon.colcon_core.verb:set package 'nexus_gazebo' build argument 'ament_cmake_args' from command line to 'None'
[0.429s] Level 5:colcon.colcon_core.verb:set package 'nexus_gazebo' build argument 'catkin_cmake_args' from command line to 'None'
[0.429s] Level 5:colcon.colcon_core.verb:set package 'nexus_gazebo' build argument 'catkin_skip_building_tests' from command line to 'False'
[0.429s] DEBUG:colcon.colcon_core.verb:Building package 'nexus_gazebo' with the following arguments: {'ament_cmake_args': None, 'build_base': '/home/prhayogo/Downloads/Nexus_Gazebo/build/nexus_gazebo', 'catkin_cmake_args': None, 'catkin_skip_building_tests': False, 'cmake_args': None, 'cmake_clean_cache': False, 'cmake_clean_first': False, 'cmake_force_configure': False, 'cmake_target': None, 'cmake_target_skip_unavailable': False, 'install_base': '/home/prhayogo/Downloads/Nexus_Gazebo/install/nexus_gazebo', 'merge_install': False, 'path': '/home/prhayogo/Downloads/Nexus_Gazebo', 'symlink_install': False, 'test_result_base': None}
[0.429s] INFO:colcon.colcon_core.executor:Executing jobs using 'parallel' executor
[0.430s] DEBUG:colcon.colcon_parallel_executor.executor.parallel:run_until_complete
[0.431s] INFO:colcon.colcon_ros.task.ament_cmake.build:Building ROS package in '/home/prhayogo/Downloads/Nexus_Gazebo' with build type 'ament_cmake'
[0.431s] INFO:colcon.colcon_cmake.task.cmake.build:Building CMake package in '/home/prhayogo/Downloads/Nexus_Gazebo'
[0.433s] INFO:colcon.colcon_core.plugin_system:Skipping extension 'colcon_core.shell.bat': Not used on non-Windows systems
[0.434s] DEBUG:colcon.colcon_core.shell:Skip shell extension 'dsv' for command environment
[0.447s] DEBUG:colcon.colcon_core.event_handler.log_command:Invoking command in '/home/prhayogo/Downloads/Nexus_Gazebo/build/nexus_gazebo': CMAKE_PREFIX_PATH=${CMAKE_PREFIX_PATH}:/opt/ros/jazzy DEBUGINFOD_URLS=https://debuginfod.ubuntu.com /usr/bin/cmake --build /home/prhayogo/Downloads/Nexus_Gazebo/build/nexus_gazebo -- -j16 -l16
[10.985s] DEBUG:colcon.colcon_core.event_handler.log_command:Invoked command in '/home/prhayogo/Downloads/Nexus_Gazebo/build/nexus_gazebo' returned '0': CMAKE_PREFIX_PATH=${CMAKE_PREFIX_PATH}:/opt/ros/jazzy DEBUGINFOD_URLS=https://debuginfod.ubuntu.com /usr/bin/cmake --build /home/prhayogo/Downloads/Nexus_Gazebo/build/nexus_gazebo -- -j16 -l16
[11.001s] DEBUG:colcon.colcon_core.event_handler.log_command:Invoking command in '/home/prhayogo/Downloads/Nexus_Gazebo/build/nexus_gazebo': CMAKE_PREFIX_PATH=${CMAKE_PREFIX_PATH}:/opt/ros/jazzy DEBUGINFOD_URLS=https://debuginfod.ubuntu.com /usr/bin/cmake --install /home/prhayogo/Downloads/Nexus_Gazebo/build/nexus_gazebo
[11.030s] Level 1:colcon.colcon_core.environment:create_environment_scripts_only(nexus_gazebo)
[11.030s] DEBUG:colcon.colcon_core.event_handler.log_command:Invoked command in '/home/prhayogo/Downloads/Nexus_Gazebo/build/nexus_gazebo' returned '0': CMAKE_PREFIX_PATH=${CMAKE_PREFIX_PATH}:/opt/ros/jazzy DEBUGINFOD_URLS=https://debuginfod.ubuntu.com /usr/bin/cmake --install /home/prhayogo/Downloads/Nexus_Gazebo/build/nexus_gazebo
[11.033s] Level 1:colcon.colcon_core.environment:checking '/home/prhayogo/Downloads/Nexus_Gazebo/install/nexus_gazebo' for CMake module files
[11.033s] Level 1:colcon.colcon_core.environment:checking '/home/prhayogo/Downloads/Nexus_Gazebo/install/nexus_gazebo' for CMake config files
[11.034s] Level 1:colcon.colcon_core.shell:create_environment_hook('nexus_gazebo', 'cmake_prefix_path')
[11.034s] INFO:colcon.colcon_core.shell:Creating environment descriptor '/home/prhayogo/Downloads/Nexus_Gazebo/install/nexus_gazebo/share/nexus_gazebo/hook/cmake_prefix_path.dsv'
[11.035s] INFO:colcon.colcon_core.shell:Creating environment hook '/home/prhayogo/Downloads/Nexus_Gazebo/install/nexus_gazebo/share/nexus_gazebo/hook/cmake_prefix_path.sh'
[11.036s] Level 1:colcon.colcon_core.environment:checking '/home/prhayogo/Downloads/Nexus_Gazebo/install/nexus_gazebo/lib'
[11.036s] Level 1:colcon.colcon_core.environment:checking '/home/prhayogo/Downloads/Nexus_Gazebo/install/nexus_gazebo/bin'
[11.036s] Level 1:colcon.colcon_core.environment:checking '/home/prhayogo/Downloads/Nexus_Gazebo/install/nexus_gazebo/lib/pkgconfig/nexus_gazebo.pc'
[11.038s] Level 1:colcon.colcon_core.environment:checking '/home/prhayogo/Downloads/Nexus_Gazebo/install/nexus_gazebo/lib/python3.12/site-packages'
[11.039s] Level 1:colcon.colcon_core.environment:checking '/home/prhayogo/Downloads/Nexus_Gazebo/install/nexus_gazebo/bin'
[11.039s] INFO:colcon.colcon_core.shell:Creating package descriptor '/home/prhayogo/Downloads/Nexus_Gazebo/install/nexus_gazebo/share/nexus_gazebo/package.dsv'
[11.039s] INFO:colcon.colcon_core.shell:Creating package script '/home/prhayogo/Downloads/Nexus_Gazebo/install/nexus_gazebo/share/nexus_gazebo/package.sh'
[11.040s] INFO:colcon.colcon_core.shell:Creating package script '/home/prhayogo/Downloads/Nexus_Gazebo/install/nexus_gazebo/share/nexus_gazebo/package.bash'
[11.041s] INFO:colcon.colcon_core.shell:Creating package script '/home/prhayogo/Downloads/Nexus_Gazebo/install/nexus_gazebo/share/nexus_gazebo/package.zsh'
[11.041s] Level 1:colcon.colcon_core.environment:create_file_with_runtime_dependencies(/home/prhayogo/Downloads/Nexus_Gazebo/install/nexus_gazebo/share/colcon-core/packages/nexus_gazebo)
[11.042s] Level 1:colcon.colcon_core.environment:create_environment_scripts_only(nexus_gazebo)
[11.042s] Level 1:colcon.colcon_core.environment:checking '/home/prhayogo/Downloads/Nexus_Gazebo/install/nexus_gazebo' for CMake module files
[11.043s] Level 1:colcon.colcon_core.environment:checking '/home/prhayogo/Downloads/Nexus_Gazebo/install/nexus_gazebo' for CMake config files
[11.043s] Level 1:colcon.colcon_core.shell:create_environment_hook('nexus_gazebo', 'cmake_prefix_path')
[11.043s] INFO:colcon.colcon_core.shell:Creating environment descriptor '/home/prhayogo/Downloads/Nexus_Gazebo/install/nexus_gazebo/share/nexus_gazebo/hook/cmake_prefix_path.dsv'
[11.044s] INFO:colcon.colcon_core.shell:Creating environment hook '/home/prhayogo/Downloads/Nexus_Gazebo/install/nexus_gazebo/share/nexus_gazebo/hook/cmake_prefix_path.sh'
[11.044s] Level 1:colcon.colcon_core.environment:checking '/home/prhayogo/Downloads/Nexus_Gazebo/install/nexus_gazebo/lib'
[11.044s] Level 1:colcon.colcon_core.environment:checking '/home/prhayogo/Downloads/Nexus_Gazebo/install/nexus_gazebo/bin'
[11.044s] Level 1:colcon.colcon_core.environment:checking '/home/prhayogo/Downloads/Nexus_Gazebo/install/nexus_gazebo/lib/pkgconfig/nexus_gazebo.pc'
[11.045s] Level 1:colcon.colcon_core.environment:checking '/home/prhayogo/Downloads/Nexus_Gazebo/install/nexus_gazebo/lib/python3.12/site-packages'
[11.045s] Level 1:colcon.colcon_core.environment:checking '/home/prhayogo/Downloads/Nexus_Gazebo/install/nexus_gazebo/bin'
[11.045s] INFO:colcon.colcon_core.shell:Creating package descriptor '/home/prhayogo/Downloads/Nexus_Gazebo/install/nexus_gazebo/share/nexus_gazebo/package.dsv'
[11.046s] INFO:colcon.colcon_core.shell:Creating package script '/home/prhayogo/Downloads/Nexus_Gazebo/install/nexus_gazebo/share/nexus_gazebo/package.sh'
[11.046s] INFO:colcon.colcon_core.shell:Creating package script '/home/prhayogo/Downloads/Nexus_Gazebo/install/nexus_gazebo/share/nexus_gazebo/package.bash'
[11.047s] INFO:colcon.colcon_core.shell:Creating package script '/home/prhayogo/Downloads/Nexus_Gazebo/install/nexus_gazebo/share/nexus_gazebo/package.zsh'
[11.047s] Level 1:colcon.colcon_core.environment:create_file_with_runtime_dependencies(/home/prhayogo/Downloads/Nexus_Gazebo/install/nexus_gazebo/share/colcon-core/packages/nexus_gazebo)
[11.047s] DEBUG:colcon.colcon_parallel_executor.executor.parallel:closing loop
[11.048s] DEBUG:colcon.colcon_parallel_executor.executor.parallel:loop closed
[11.048s] DEBUG:colcon.colcon_parallel_executor.executor.parallel:run_until_complete finished with '0'
[11.048s] DEBUG:colcon.colcon_core.event_reactor:joining thread
[11.055s] INFO:colcon.colcon_core.plugin_system:Skipping extension 'colcon_notification.desktop_notification.terminal_notifier': Not used on non-Darwin systems
[11.056s] INFO:colcon.colcon_core.plugin_system:Skipping extension 'colcon_notification.desktop_notification.win32': Not used on non-Windows systems
[11.056s] INFO:colcon.colcon_notification.desktop_notification:Sending desktop notification using 'notify2'
[11.071s] DEBUG:colcon.colcon_core.event_reactor:joined thread
[11.072s] INFO:colcon.colcon_core.shell:Creating prefix script '/home/prhayogo/Downloads/Nexus_Gazebo/install/local_setup.sh'
[11.073s] INFO:colcon.colcon_core.shell:Creating prefix util module '/home/prhayogo/Downloads/Nexus_Gazebo/install/_local_setup_util_sh.py'
[11.074s] INFO:colcon.colcon_core.shell:Creating prefix chain script '/home/prhayogo/Downloads/Nexus_Gazebo/install/setup.sh'
[11.075s] INFO:colcon.colcon_core.shell:Creating prefix script '/home/prhayogo/Downloads/Nexus_Gazebo/install/local_setup.bash'
[11.076s] INFO:colcon.colcon_core.shell:Creating prefix chain script '/home/prhayogo/Downloads/Nexus_Gazebo/install/setup.bash'
[11.077s] INFO:colcon.colcon_core.shell:Creating prefix script '/home/prhayogo/Downloads/Nexus_Gazebo/install/local_setup.zsh'
[11.077s] INFO:colcon.colcon_core.shell:Creating prefix chain script '/home/prhayogo/Downloads/Nexus_Gazebo/install/setup.zsh'
