[0.025s] Invoking command in '/home/prhayogo/Downloads/Nexus_Gazebo/build/nexus_gazebo': CMAKE_PREFIX_PATH=${CMAKE_PREFIX_PATH}:/opt/ros/jazzy DEBUGINFOD_URLS=https://debuginfod.ubuntu.com /usr/bin/cmake /home/prhayogo/Downloads/Nexus_Gazebo -DCMAKE_INSTALL_PREFIX=/home/prhayogo/Downloads/Nexus_Gazebo/install/nexus_gazebo
[0.238s] -- The C compiler identification is GNU 13.3.0
[0.423s] -- The CXX compiler identification is GNU 13.3.0
[0.454s] -- Detecting C compiler ABI info
[0.647s] -- Detecting C compiler ABI info - done
[0.667s] -- Check for working C compiler: /usr/bin/cc - skipped
[0.668s] -- Detecting C compile features
[0.668s] -- Detecting C compile features - done
[0.691s] -- Detecting CXX compiler ABI info
[0.942s] -- Detecting CXX compiler ABI info - done
[0.956s] -- Check for working CXX compiler: /usr/bin/c++ - skipped
[0.956s] -- Detecting CXX compile features
[0.957s] -- Detecting CXX compile features - done
[0.984s] -- Found ament_cmake: 2.5.6 (/opt/ros/jazzy/share/ament_cmake/cmake)
[1.339s] -- Found Python3: /usr/bin/python3 (found version "3.12.3") found components: Interpreter 
[1.645s] -- Found rclcpp: 28.1.21 (/opt/ros/jazzy/share/rclcpp/cmake)
[1.770s] -- Found rosidl_generator_c: 4.6.9 (/opt/ros/jazzy/share/rosidl_generator_c/cmake)
[1.806s] -- Found rosidl_generator_cpp: 4.6.9 (/opt/ros/jazzy/share/rosidl_generator_cpp/cmake)
[1.847s] -- Using all available rosidl_typesupport_c: rosidl_typesupport_fastrtps_c;rosidl_typesupport_introspection_c
[1.890s] -- Using all available rosidl_typesupport_cpp: rosidl_typesupport_fastrtps_cpp;rosidl_typesupport_introspection_cpp
[2.109s] -- Found rmw_implementation_cmake: 7.3.3 (/opt/ros/jazzy/share/rmw_implementation_cmake/cmake)
[2.119s] -- Found rmw_fastrtps_cpp: 8.4.4 (/opt/ros/jazzy/share/rmw_fastrtps_cpp/cmake)
[2.371s] -- Found OpenSSL: /usr/lib/x86_64-linux-gnu/libcrypto.so (found version "3.0.13")  
[2.408s] -- Found FastRTPS: /opt/ros/jazzy/include (Required is at least version "2.13") 
[2.464s] -- Using RMW implementation 'rmw_fastrtps_cpp' as default
[2.674s] -- Found sensor_msgs: 5.3.8 (/opt/ros/jazzy/share/sensor_msgs/cmake)
[2.816s] -- Found OpenCV: /usr (found version "4.6.0") 
[2.823s] -- Found cv_bridge: 4.1.0 (/opt/ros/jazzy/share/cv_bridge/cmake)
[3.037s] -- Configuring done (3.0s)
[3.089s] -- Generating done (0.0s)
[3.102s] -- Build files have been written to: /home/prhayogo/Downloads/Nexus_Gazebo/build/nexus_gazebo
[3.125s] Invoked command in '/home/prhayogo/Downloads/Nexus_Gazebo/build/nexus_gazebo' returned '0': CMAKE_PREFIX_PATH=${CMAKE_PREFIX_PATH}:/opt/ros/jazzy DEBUGINFOD_URLS=https://debuginfod.ubuntu.com /usr/bin/cmake /home/prhayogo/Downloads/Nexus_Gazebo -DCMAKE_INSTALL_PREFIX=/home/prhayogo/Downloads/Nexus_Gazebo/install/nexus_gazebo
[3.128s] Invoking command in '/home/prhayogo/Downloads/Nexus_Gazebo/build/nexus_gazebo': CMAKE_PREFIX_PATH=${CMAKE_PREFIX_PATH}:/opt/ros/jazzy DEBUGINFOD_URLS=https://debuginfod.ubuntu.com /usr/bin/cmake --build /home/prhayogo/Downloads/Nexus_Gazebo/build/nexus_gazebo -- -j16 -l16
[3.262s] [ 50%] [32mBuilding CXX object CMakeFiles/obstacle_avoidance.dir/src/obstacle_avoidance.cpp.o[0m
[3.262s] [ 50%] [32mBuilding CXX object CMakeFiles/cam.dir/src/cam.cpp.o[0m
[3.893s] [01m[K/home/prhayogo/Downloads/Nexus_Gazebo/src/cam.cpp:4:10:[m[K [01;31m[Kfatal error: [m[Kcv_bridge/cv_bridge.h: No such file or directory
[3.893s]     4 | #include [01;31m[K<cv_bridge/cv_bridge.h>[m[K
[3.893s]       |          [01;31m[K^~~~~~~~~~~~~~~~~~~~~~~[m[K
[3.893s] compilation terminated.
[3.898s] gmake[2]: *** [CMakeFiles/cam.dir/build.make:76: CMakeFiles/cam.dir/src/cam.cpp.o] Error 1
[3.899s] gmake[1]: *** [CMakeFiles/Makefile2:139: CMakeFiles/cam.dir/all] Error 2
[3.899s] gmake[1]: *** Waiting for unfinished jobs....
[13.818s] [ 75%] [32m[1mLinking CXX executable obstacle_avoidance[0m
[14.119s] [ 75%] Built target obstacle_avoidance
[14.120s] gmake: *** [Makefile:146: all] Error 2
[14.123s] Invoked command in '/home/prhayogo/Downloads/Nexus_Gazebo/build/nexus_gazebo' returned '2': CMAKE_PREFIX_PATH=${CMAKE_PREFIX_PATH}:/opt/ros/jazzy DEBUGINFOD_URLS=https://debuginfod.ubuntu.com /usr/bin/cmake --build /home/prhayogo/Downloads/Nexus_Gazebo/build/nexus_gazebo -- -j16 -l16
