[0.025s] Invoking command in '/home/prhayogo/Downloads/Nexus_Gazebo/build/nexus_gazebo': CMAKE_PREFIX_PATH=${CMAKE_PREFIX_PATH}:/opt/ros/jazzy DEBUGINFOD_URLS=https://debuginfod.ubuntu.com /usr/bin/cmake --build /home/prhayogo/Downloads/Nexus_Gazebo/build/nexus_gazebo -- -j16 -l16
[0.224s] [ 50%] [32mBuilding CXX object CMakeFiles/aruco_localization.dir/src/aruco_localization.cpp.o[0m
[0.224s] [ 64%] Built target obstacle_avoidance
[0.224s] [ 64%] Built target movement
[0.225s] [ 64%] Built target cam_localization
[0.225s] [ 64%] Built target waypoint
[0.228s] [ 92%] Built target aruco
[0.228s] [ 92%] Built target cam
[12.319s] [100%] [32m[1mLinking CXX executable aruco_localization[0m
[12.938s] [100%] Built target aruco_localization
[12.954s] Invoked command in '/home/prhayogo/Downloads/Nexus_Gazebo/build/nexus_gazebo' returned '0': CMAKE_PREFIX_PATH=${CMAKE_PREFIX_PATH}:/opt/ros/jazzy DEBUGINFOD_URLS=https://debuginfod.ubuntu.com /usr/bin/cmake --build /home/prhayogo/Downloads/Nexus_Gazebo/build/nexus_gazebo -- -j16 -l16
[12.967s] Invoking command in '/home/prhayogo/Downloads/Nexus_Gazebo/build/nexus_gazebo': CMAKE_PREFIX_PATH=${CMAKE_PREFIX_PATH}:/opt/ros/jazzy DEBUGINFOD_URLS=https://debuginfod.ubuntu.com /usr/bin/cmake --install /home/prhayogo/Downloads/Nexus_Gazebo/build/nexus_gazebo
[12.977s] -- Install configuration: ""
[12.979s] -- Up-to-date: /home/prhayogo/Downloads/Nexus_Gazebo/install/nexus_gazebo/lib/nexus_gazebo/cam
[12.980s] -- Up-to-date: /home/prhayogo/Downloads/Nexus_Gazebo/install/nexus_gazebo/lib/nexus_gazebo/cam_localization
[12.980s] -- Up-to-date: /home/prhayogo/Downloads/Nexus_Gazebo/install/nexus_gazebo/lib/nexus_gazebo/obstacle_avoidance
[12.981s] -- Up-to-date: /home/prhayogo/Downloads/Nexus_Gazebo/install/nexus_gazebo/lib/nexus_gazebo/waypoint
[12.981s] -- Up-to-date: /home/prhayogo/Downloads/Nexus_Gazebo/install/nexus_gazebo/lib/nexus_gazebo/movement
[12.982s] -- Up-to-date: /home/prhayogo/Downloads/Nexus_Gazebo/install/nexus_gazebo/lib/nexus_gazebo/aruco
[12.983s] -- Installing: /home/prhayogo/Downloads/Nexus_Gazebo/install/nexus_gazebo/lib/nexus_gazebo/aruco_localization
[12.995s] -- Set non-toolchain portion of runtime path of "/home/prhayogo/Downloads/Nexus_Gazebo/install/nexus_gazebo/lib/nexus_gazebo/aruco_localization" to ""
[12.995s] -- Up-to-date: /home/prhayogo/Downloads/Nexus_Gazebo/install/nexus_gazebo/share/ament_index/resource_index/package_run_dependencies/nexus_gazebo
[12.995s] -- Up-to-date: /home/prhayogo/Downloads/Nexus_Gazebo/install/nexus_gazebo/share/ament_index/resource_index/parent_prefix_path/nexus_gazebo
[12.995s] -- Up-to-date: /home/prhayogo/Downloads/Nexus_Gazebo/install/nexus_gazebo/share/nexus_gazebo/environment/ament_prefix_path.sh
[12.995s] -- Up-to-date: /home/prhayogo/Downloads/Nexus_Gazebo/install/nexus_gazebo/share/nexus_gazebo/environment/ament_prefix_path.dsv
[12.996s] -- Up-to-date: /home/prhayogo/Downloads/Nexus_Gazebo/install/nexus_gazebo/share/nexus_gazebo/environment/path.sh
[12.996s] -- Up-to-date: /home/prhayogo/Downloads/Nexus_Gazebo/install/nexus_gazebo/share/nexus_gazebo/environment/path.dsv
[12.996s] -- Up-to-date: /home/prhayogo/Downloads/Nexus_Gazebo/install/nexus_gazebo/share/nexus_gazebo/local_setup.bash
[12.996s] -- Up-to-date: /home/prhayogo/Downloads/Nexus_Gazebo/install/nexus_gazebo/share/nexus_gazebo/local_setup.sh
[12.996s] -- Up-to-date: /home/prhayogo/Downloads/Nexus_Gazebo/install/nexus_gazebo/share/nexus_gazebo/local_setup.zsh
[12.996s] -- Up-to-date: /home/prhayogo/Downloads/Nexus_Gazebo/install/nexus_gazebo/share/nexus_gazebo/local_setup.dsv
[12.996s] -- Installing: /home/prhayogo/Downloads/Nexus_Gazebo/install/nexus_gazebo/share/nexus_gazebo/package.dsv
[12.996s] -- Up-to-date: /home/prhayogo/Downloads/Nexus_Gazebo/install/nexus_gazebo/share/ament_index/resource_index/packages/nexus_gazebo
[12.996s] -- Up-to-date: /home/prhayogo/Downloads/Nexus_Gazebo/install/nexus_gazebo/share/nexus_gazebo/cmake/nexus_gazeboConfig.cmake
[12.996s] -- Up-to-date: /home/prhayogo/Downloads/Nexus_Gazebo/install/nexus_gazebo/share/nexus_gazebo/cmake/nexus_gazeboConfig-version.cmake
[12.996s] -- Up-to-date: /home/prhayogo/Downloads/Nexus_Gazebo/install/nexus_gazebo/share/nexus_gazebo/package.xml
[12.998s] Invoked command in '/home/prhayogo/Downloads/Nexus_Gazebo/build/nexus_gazebo' returned '0': CMAKE_PREFIX_PATH=${CMAKE_PREFIX_PATH}:/opt/ros/jazzy DEBUGINFOD_URLS=https://debuginfod.ubuntu.com /usr/bin/cmake --install /home/prhayogo/Downloads/Nexus_Gazebo/build/nexus_gazebo
