[0.023s] Invoking command in '/home/prhayogo/Downloads/Nexus_Gazebo/build/nexus_gazebo': CMAKE_PREFIX_PATH=${CMAKE_PREFIX_PATH}:/opt/ros/jazzy DEBUGINFOD_URLS=https://debuginfod.ubuntu.com /usr/bin/cmake --build /home/prhayogo/Downloads/Nexus_Gazebo/build/nexus_gazebo -- -j16 -l16
[0.095s] -- Found ament_cmake: 2.5.6 (/opt/ros/jazzy/share/ament_cmake/cmake)
[0.622s] -- Found rclcpp: 28.1.21 (/opt/ros/jazzy/share/rclcpp/cmake)
[0.698s] -- Found rosidl_generator_c: 4.6.9 (/opt/ros/jazzy/share/rosidl_generator_c/cmake)
[0.720s] -- Found rosidl_generator_cpp: 4.6.9 (/opt/ros/jazzy/share/rosidl_generator_cpp/cmake)
[0.748s] -- Using all available rosidl_typesupport_c: rosidl_typesupport_fastrtps_c;rosidl_typesupport_introspection_c
[0.781s] -- Using all available rosidl_typesupport_cpp: rosidl_typesupport_fastrtps_cpp;rosidl_typesupport_introspection_cpp
[0.940s] -- Found rmw_implementation_cmake: 7.3.3 (/opt/ros/jazzy/share/rmw_implementation_cmake/cmake)
[0.943s] -- Found rmw_fastrtps_cpp: 8.4.4 (/opt/ros/jazzy/share/rmw_fastrtps_cpp/cmake)
[1.108s] -- Using RMW implementation 'rmw_fastrtps_cpp' as default
[1.291s] -- Found sensor_msgs: 5.3.8 (/opt/ros/jazzy/share/sensor_msgs/cmake)
[1.454s] -- Found cv_bridge: 4.1.0 (/opt/ros/jazzy/share/cv_bridge/cmake)
[1.462s] -- Found tf2: 0.36.21 (/opt/ros/jazzy/share/tf2/cmake)
[1.686s] -- Configuring done (1.6s)
[1.745s] -- Generating done (0.0s)
[1.755s] -- Build files have been written to: /home/prhayogo/Downloads/Nexus_Gazebo/build/nexus_gazebo
[1.888s] [ 66%] Built target cam_localization
[1.888s] [ 66%] Built target obstacle_avoidance
[1.892s] [100%] Built target cam
[1.926s] Invoked command in '/home/prhayogo/Downloads/Nexus_Gazebo/build/nexus_gazebo' returned '0': CMAKE_PREFIX_PATH=${CMAKE_PREFIX_PATH}:/opt/ros/jazzy DEBUGINFOD_URLS=https://debuginfod.ubuntu.com /usr/bin/cmake --build /home/prhayogo/Downloads/Nexus_Gazebo/build/nexus_gazebo -- -j16 -l16
[1.955s] Invoking command in '/home/prhayogo/Downloads/Nexus_Gazebo/build/nexus_gazebo': CMAKE_PREFIX_PATH=${CMAKE_PREFIX_PATH}:/opt/ros/jazzy DEBUGINFOD_URLS=https://debuginfod.ubuntu.com /usr/bin/cmake --install /home/prhayogo/Downloads/Nexus_Gazebo/build/nexus_gazebo
[1.977s] -- Install configuration: ""
[1.978s] -- Up-to-date: /home/prhayogo/Downloads/Nexus_Gazebo/install/nexus_gazebo/lib/nexus_gazebo/cam
[1.978s] -- Up-to-date: /home/prhayogo/Downloads/Nexus_Gazebo/install/nexus_gazebo/lib/nexus_gazebo/cam_localization
[1.979s] -- Up-to-date: /home/prhayogo/Downloads/Nexus_Gazebo/install/nexus_gazebo/lib/nexus_gazebo/obstacle_avoidance
[1.979s] -- Installing: /home/prhayogo/Downloads/Nexus_Gazebo/install/nexus_gazebo/share/ament_index/resource_index/package_run_dependencies/nexus_gazebo
[1.980s] -- Up-to-date: /home/prhayogo/Downloads/Nexus_Gazebo/install/nexus_gazebo/share/ament_index/resource_index/parent_prefix_path/nexus_gazebo
[1.980s] -- Up-to-date: /home/prhayogo/Downloads/Nexus_Gazebo/install/nexus_gazebo/share/nexus_gazebo/environment/ament_prefix_path.sh
[1.980s] -- Up-to-date: /home/prhayogo/Downloads/Nexus_Gazebo/install/nexus_gazebo/share/nexus_gazebo/environment/ament_prefix_path.dsv
[1.980s] -- Up-to-date: /home/prhayogo/Downloads/Nexus_Gazebo/install/nexus_gazebo/share/nexus_gazebo/environment/path.sh
[1.980s] -- Up-to-date: /home/prhayogo/Downloads/Nexus_Gazebo/install/nexus_gazebo/share/nexus_gazebo/environment/path.dsv
[1.980s] -- Up-to-date: /home/prhayogo/Downloads/Nexus_Gazebo/install/nexus_gazebo/share/nexus_gazebo/local_setup.bash
[1.980s] -- Up-to-date: /home/prhayogo/Downloads/Nexus_Gazebo/install/nexus_gazebo/share/nexus_gazebo/local_setup.sh
[1.981s] -- Up-to-date: /home/prhayogo/Downloads/Nexus_Gazebo/install/nexus_gazebo/share/nexus_gazebo/local_setup.zsh
[1.981s] -- Up-to-date: /home/prhayogo/Downloads/Nexus_Gazebo/install/nexus_gazebo/share/nexus_gazebo/local_setup.dsv
[1.981s] -- Installing: /home/prhayogo/Downloads/Nexus_Gazebo/install/nexus_gazebo/share/nexus_gazebo/package.dsv
[1.981s] -- Up-to-date: /home/prhayogo/Downloads/Nexus_Gazebo/install/nexus_gazebo/share/ament_index/resource_index/packages/nexus_gazebo
[1.981s] -- Up-to-date: /home/prhayogo/Downloads/Nexus_Gazebo/install/nexus_gazebo/share/nexus_gazebo/cmake/nexus_gazeboConfig.cmake
[1.982s] -- Up-to-date: /home/prhayogo/Downloads/Nexus_Gazebo/install/nexus_gazebo/share/nexus_gazebo/cmake/nexus_gazeboConfig-version.cmake
[1.982s] -- Installing: /home/prhayogo/Downloads/Nexus_Gazebo/install/nexus_gazebo/share/nexus_gazebo/package.xml
[1.984s] Invoked command in '/home/prhayogo/Downloads/Nexus_Gazebo/build/nexus_gazebo' returned '0': CMAKE_PREFIX_PATH=${CMAKE_PREFIX_PATH}:/opt/ros/jazzy DEBUGINFOD_URLS=https://debuginfod.ubuntu.com /usr/bin/cmake --install /home/prhayogo/Downloads/Nexus_Gazebo/build/nexus_gazebo
