[0.028s] Invoking command in '/home/prhayogo/Downloads/Nexus_Gazebo/build/nexus_gazebo': CMAKE_PREFIX_PATH=${CMAKE_PREFIX_PATH}:/home/prhayogo/Documents/maen_ws/install/micro_ros_setup:/home/prhayogo/Documents/maen_ws/install/micro_ros_msgs:/home/prhayogo/Documents/maen_ws/install/drive_base_msgs:/home/prhayogo/Documents/robot_ws/install/gui_kfs_pkg:/home/prhayogo/Documents/robot_ws/install/mehua_forest:/home/prhayogo/Documents/robot_ws/install/mehuaStar:/opt/ros/jazzy DEBUGINFOD_URLS=https://debuginfod.ubuntu.com /usr/bin/cmake --build /home/prhayogo/Downloads/Nexus_Gazebo/build/nexus_gazebo -- -j16 -l16
[0.167s] [ 14%] Built target movement
[0.169s] [ 28%] Built target waypoint
[0.170s] [ 50%] Built target cam_localization
[0.171s] [ 57%] Built target aruco
[0.177s] [ 71%] Built target obstacle_avoidance
[0.182s] [ 85%] [32mBuilding CXX object CMakeFiles/aruco_localization.dir/src/aruco_localization.cpp.o[0m
[0.183s] [ 92%] Built target cam
[12.796s] [100%] [32m[1mLinking CXX executable aruco_localization[0m
[13.440s] [100%] Built target aruco_localization
[13.456s] Invoked command in '/home/prhayogo/Downloads/Nexus_Gazebo/build/nexus_gazebo' returned '0': CMAKE_PREFIX_PATH=${CMAKE_PREFIX_PATH}:/home/prhayogo/Documents/maen_ws/install/micro_ros_setup:/home/prhayogo/Documents/maen_ws/install/micro_ros_msgs:/home/prhayogo/Documents/maen_ws/install/drive_base_msgs:/home/prhayogo/Documents/robot_ws/install/gui_kfs_pkg:/home/prhayogo/Documents/robot_ws/install/mehua_forest:/home/prhayogo/Documents/robot_ws/install/mehuaStar:/opt/ros/jazzy DEBUGINFOD_URLS=https://debuginfod.ubuntu.com /usr/bin/cmake --build /home/prhayogo/Downloads/Nexus_Gazebo/build/nexus_gazebo -- -j16 -l16
[13.469s] Invoking command in '/home/prhayogo/Downloads/Nexus_Gazebo/build/nexus_gazebo': CMAKE_PREFIX_PATH=${CMAKE_PREFIX_PATH}:/home/prhayogo/Documents/maen_ws/install/micro_ros_setup:/home/prhayogo/Documents/maen_ws/install/micro_ros_msgs:/home/prhayogo/Documents/maen_ws/install/drive_base_msgs:/home/prhayogo/Documents/robot_ws/install/gui_kfs_pkg:/home/prhayogo/Documents/robot_ws/install/mehua_forest:/home/prhayogo/Documents/robot_ws/install/mehuaStar:/opt/ros/jazzy DEBUGINFOD_URLS=https://debuginfod.ubuntu.com /usr/bin/cmake --install /home/prhayogo/Downloads/Nexus_Gazebo/build/nexus_gazebo
[13.479s] -- Install configuration: ""
[13.479s] -- Up-to-date: /home/prhayogo/Downloads/Nexus_Gazebo/install/nexus_gazebo/lib/nexus_gazebo/cam
[13.479s] -- Up-to-date: /home/prhayogo/Downloads/Nexus_Gazebo/install/nexus_gazebo/lib/nexus_gazebo/cam_localization
[13.480s] -- Up-to-date: /home/prhayogo/Downloads/Nexus_Gazebo/install/nexus_gazebo/lib/nexus_gazebo/obstacle_avoidance
[13.480s] -- Up-to-date: /home/prhayogo/Downloads/Nexus_Gazebo/install/nexus_gazebo/lib/nexus_gazebo/waypoint
[13.480s] -- Up-to-date: /home/prhayogo/Downloads/Nexus_Gazebo/install/nexus_gazebo/lib/nexus_gazebo/movement
[13.481s] -- Up-to-date: /home/prhayogo/Downloads/Nexus_Gazebo/install/nexus_gazebo/lib/nexus_gazebo/aruco
[13.481s] -- Installing: /home/prhayogo/Downloads/Nexus_Gazebo/install/nexus_gazebo/lib/nexus_gazebo/aruco_localization
[13.496s] -- Set non-toolchain portion of runtime path of "/home/prhayogo/Downloads/Nexus_Gazebo/install/nexus_gazebo/lib/nexus_gazebo/aruco_localization" to ""
[13.496s] -- Up-to-date: /home/prhayogo/Downloads/Nexus_Gazebo/install/nexus_gazebo/share/ament_index/resource_index/package_run_dependencies/nexus_gazebo
[13.496s] -- Up-to-date: /home/prhayogo/Downloads/Nexus_Gazebo/install/nexus_gazebo/share/ament_index/resource_index/parent_prefix_path/nexus_gazebo
[13.496s] -- Up-to-date: /home/prhayogo/Downloads/Nexus_Gazebo/install/nexus_gazebo/share/nexus_gazebo/environment/ament_prefix_path.sh
[13.496s] -- Up-to-date: /home/prhayogo/Downloads/Nexus_Gazebo/install/nexus_gazebo/share/nexus_gazebo/environment/ament_prefix_path.dsv
[13.496s] -- Up-to-date: /home/prhayogo/Downloads/Nexus_Gazebo/install/nexus_gazebo/share/nexus_gazebo/environment/path.sh
[13.496s] -- Up-to-date: /home/prhayogo/Downloads/Nexus_Gazebo/install/nexus_gazebo/share/nexus_gazebo/environment/path.dsv
[13.496s] -- Up-to-date: /home/prhayogo/Downloads/Nexus_Gazebo/install/nexus_gazebo/share/nexus_gazebo/local_setup.bash
[13.496s] -- Up-to-date: /home/prhayogo/Downloads/Nexus_Gazebo/install/nexus_gazebo/share/nexus_gazebo/local_setup.sh
[13.497s] -- Up-to-date: /home/prhayogo/Downloads/Nexus_Gazebo/install/nexus_gazebo/share/nexus_gazebo/local_setup.zsh
[13.497s] -- Up-to-date: /home/prhayogo/Downloads/Nexus_Gazebo/install/nexus_gazebo/share/nexus_gazebo/local_setup.dsv
[13.497s] -- Installing: /home/prhayogo/Downloads/Nexus_Gazebo/install/nexus_gazebo/share/nexus_gazebo/package.dsv
[13.497s] -- Up-to-date: /home/prhayogo/Downloads/Nexus_Gazebo/install/nexus_gazebo/share/ament_index/resource_index/packages/nexus_gazebo
[13.497s] -- Up-to-date: /home/prhayogo/Downloads/Nexus_Gazebo/install/nexus_gazebo/share/nexus_gazebo/cmake/nexus_gazeboConfig.cmake
[13.497s] -- Up-to-date: /home/prhayogo/Downloads/Nexus_Gazebo/install/nexus_gazebo/share/nexus_gazebo/cmake/nexus_gazeboConfig-version.cmake
[13.497s] -- Up-to-date: /home/prhayogo/Downloads/Nexus_Gazebo/install/nexus_gazebo/share/nexus_gazebo/package.xml
[13.498s] Invoked command in '/home/prhayogo/Downloads/Nexus_Gazebo/build/nexus_gazebo' returned '0': CMAKE_PREFIX_PATH=${CMAKE_PREFIX_PATH}:/home/prhayogo/Documents/maen_ws/install/micro_ros_setup:/home/prhayogo/Documents/maen_ws/install/micro_ros_msgs:/home/prhayogo/Documents/maen_ws/install/drive_base_msgs:/home/prhayogo/Documents/robot_ws/install/gui_kfs_pkg:/home/prhayogo/Documents/robot_ws/install/mehua_forest:/home/prhayogo/Documents/robot_ws/install/mehuaStar:/opt/ros/jazzy DEBUGINFOD_URLS=https://debuginfod.ubuntu.com /usr/bin/cmake --install /home/prhayogo/Downloads/Nexus_Gazebo/build/nexus_gazebo
