[0.038s] Invoking command in '/home/prhayogo/Downloads/Nexus_Gazebo/build/nexus_gazebo': CMAKE_PREFIX_PATH=${CMAKE_PREFIX_PATH}:/opt/ros/jazzy DEBUGINFOD_URLS=https://debuginfod.ubuntu.com /usr/bin/cmake --build /home/prhayogo/Downloads/Nexus_Gazebo/build/nexus_gazebo -- -j16 -l16
[0.338s] [ 58%] [32mBuilding CXX object CMakeFiles/cam.dir/src/cam.cpp.o[0m
[0.338s] [ 58%] Built target cam_localization
[0.338s] [ 58%] Built target obstacle_avoidance
[0.338s] [ 66%] Built target waypoint
[0.338s] [ 75%] Built target movement
[0.345s] [ 91%] Built target aruco
[23.598s] [100%] [32m[1mLinking CXX executable cam[0m
[25.235s] [100%] Built target cam
[25.299s] Invoked command in '/home/prhayogo/Downloads/Nexus_Gazebo/build/nexus_gazebo' returned '0': CMAKE_PREFIX_PATH=${CMAKE_PREFIX_PATH}:/opt/ros/jazzy DEBUGINFOD_URLS=https://debuginfod.ubuntu.com /usr/bin/cmake --build /home/prhayogo/Downloads/Nexus_Gazebo/build/nexus_gazebo -- -j16 -l16
[25.338s] Invoking command in '/home/prhayogo/Downloads/Nexus_Gazebo/build/nexus_gazebo': CMAKE_PREFIX_PATH=${CMAKE_PREFIX_PATH}:/opt/ros/jazzy DEBUGINFOD_URLS=https://debuginfod.ubuntu.com /usr/bin/cmake --install /home/prhayogo/Downloads/Nexus_Gazebo/build/nexus_gazebo
[25.356s] -- Install configuration: ""
[25.359s] -- Installing: /home/prhayogo/Downloads/Nexus_Gazebo/install/nexus_gazebo/lib/nexus_gazebo/cam
[25.373s] -- Set non-toolchain portion of runtime path of "/home/prhayogo/Downloads/Nexus_Gazebo/install/nexus_gazebo/lib/nexus_gazebo/cam" to ""
[25.374s] -- Up-to-date: /home/prhayogo/Downloads/Nexus_Gazebo/install/nexus_gazebo/lib/nexus_gazebo/cam_localization
[25.376s] -- Up-to-date: /home/prhayogo/Downloads/Nexus_Gazebo/install/nexus_gazebo/lib/nexus_gazebo/obstacle_avoidance
[25.378s] -- Up-to-date: /home/prhayogo/Downloads/Nexus_Gazebo/install/nexus_gazebo/lib/nexus_gazebo/waypoint
[25.379s] -- Up-to-date: /home/prhayogo/Downloads/Nexus_Gazebo/install/nexus_gazebo/lib/nexus_gazebo/movement
[25.381s] -- Up-to-date: /home/prhayogo/Downloads/Nexus_Gazebo/install/nexus_gazebo/lib/nexus_gazebo/aruco
[25.383s] -- Up-to-date: /home/prhayogo/Downloads/Nexus_Gazebo/install/nexus_gazebo/share/ament_index/resource_index/package_run_dependencies/nexus_gazebo
[25.384s] -- Up-to-date: /home/prhayogo/Downloads/Nexus_Gazebo/install/nexus_gazebo/share/ament_index/resource_index/parent_prefix_path/nexus_gazebo
[25.386s] -- Up-to-date: /home/prhayogo/Downloads/Nexus_Gazebo/install/nexus_gazebo/share/nexus_gazebo/environment/ament_prefix_path.sh
[25.386s] -- Up-to-date: /home/prhayogo/Downloads/Nexus_Gazebo/install/nexus_gazebo/share/nexus_gazebo/environment/ament_prefix_path.dsv
[25.386s] -- Up-to-date: /home/prhayogo/Downloads/Nexus_Gazebo/install/nexus_gazebo/share/nexus_gazebo/environment/path.sh
[25.386s] -- Up-to-date: /home/prhayogo/Downloads/Nexus_Gazebo/install/nexus_gazebo/share/nexus_gazebo/environment/path.dsv
[25.386s] -- Up-to-date: /home/prhayogo/Downloads/Nexus_Gazebo/install/nexus_gazebo/share/nexus_gazebo/local_setup.bash
[25.387s] -- Up-to-date: /home/prhayogo/Downloads/Nexus_Gazebo/install/nexus_gazebo/share/nexus_gazebo/local_setup.sh
[25.387s] -- Up-to-date: /home/prhayogo/Downloads/Nexus_Gazebo/install/nexus_gazebo/share/nexus_gazebo/local_setup.zsh
[25.387s] -- Up-to-date: /home/prhayogo/Downloads/Nexus_Gazebo/install/nexus_gazebo/share/nexus_gazebo/local_setup.dsv
[25.387s] -- Installing: /home/prhayogo/Downloads/Nexus_Gazebo/install/nexus_gazebo/share/nexus_gazebo/package.dsv
[25.388s] -- Up-to-date: /home/prhayogo/Downloads/Nexus_Gazebo/install/nexus_gazebo/share/ament_index/resource_index/packages/nexus_gazebo
[25.388s] -- Up-to-date: /home/prhayogo/Downloads/Nexus_Gazebo/install/nexus_gazebo/share/nexus_gazebo/cmake/nexus_gazeboConfig.cmake
[25.388s] -- Up-to-date: /home/prhayogo/Downloads/Nexus_Gazebo/install/nexus_gazebo/share/nexus_gazebo/cmake/nexus_gazeboConfig-version.cmake
[25.388s] -- Up-to-date: /home/prhayogo/Downloads/Nexus_Gazebo/install/nexus_gazebo/share/nexus_gazebo/package.xml
[25.399s] Invoked command in '/home/prhayogo/Downloads/Nexus_Gazebo/build/nexus_gazebo' returned '0': CMAKE_PREFIX_PATH=${CMAKE_PREFIX_PATH}:/opt/ros/jazzy DEBUGINFOD_URLS=https://debuginfod.ubuntu.com /usr/bin/cmake --install /home/prhayogo/Downloads/Nexus_Gazebo/build/nexus_gazebo
