[01m[K/home/prhayogo/Downloads/Nexus_Gazebo/src/aruco_localization.cpp:62:5:[m[K [01;31m[Kerror: [m[K‘[01m[Kcv[m[K’ does not name a type
   62 |     [01;31m[Kcv[m[K::Point2f pixelToWorld(int px, int py)
      |     [01;31m[K^~[m[K
[01m[K/home/prhayogo/Downloads/Nexus_Gazebo/src/aruco_localization.cpp:114:5:[m[K [01;31m[Kerror: [m[K‘[01m[Kcv[m[K’ does not name a type
  114 |     [01;31m[Kcv[m[K::Mat homography_;
      |     [01;31m[K^~[m[K
[01m[K/home/prhayogo/Downloads/Nexus_Gazebo/src/aruco_localization.cpp:[m[K In constructor ‘[01m[KPoseFusion::[01;32m[KPoseFusion[m[K()[m[K’:
[01m[K/home/prhayogo/Downloads/Nexus_Gazebo/src/aruco_localization.cpp:21:9:[m[K [01;31m[Kerror: [m[K‘[01m[Khomography_[m[K’ was not declared in this scope
   21 |         [01;31m[Khomography_[m[K = cv::Mat::eye(3, 3, CV_64F);
      |         [01;31m[K^~~~~~~~~~~[m[K
[01m[K/home/prhayogo/Downloads/Nexus_Gazebo/src/aruco_localization.cpp:21:23:[m[K [01;31m[Kerror: [m[K‘[01m[Kcv[m[K’ has not been declared
   21 |         homography_ = [01;31m[Kcv[m[K::Mat::eye(3, 3, CV_64F);
      |                       [01;31m[K^~[m[K
[01m[K/home/prhayogo/Downloads/Nexus_Gazebo/src/aruco_localization.cpp:21:42:[m[K [01;31m[Kerror: [m[K‘[01m[KCV_64F[m[K’ was not declared in this scope
   21 |         homography_ = cv::Mat::eye(3, 3, [01;31m[KCV_64F[m[K);
      |                                          [01;31m[K^~~~~~[m[K
[01m[K/home/prhayogo/Downloads/Nexus_Gazebo/src/aruco_localization.cpp:[m[K In member function ‘[01m[Kvoid PoseFusion::[01;32m[KarucoCb[m[K(std_msgs::msg::Int32MultiArray_<std::allocator<void> >::SharedPtr)[m[K’:
[01m[K/home/prhayogo/Downloads/Nexus_Gazebo/src/aruco_localization.cpp:52:17:[m[K [01;31m[Kerror: [m[K‘[01m[Kcv[m[K’ has not been declared
   52 |                 [01;31m[Kcv[m[K::Point2f world = pixelToWorld(cx, cy);
      |                 [01;31m[K^~[m[K
[01m[K/home/prhayogo/Downloads/Nexus_Gazebo/src/aruco_localization.cpp:53:22:[m[K [01;31m[Kerror: [m[K‘[01m[Kworld[m[K’ was not declared in this scope
   53 |                 x_ = [01;31m[Kworld[m[K.x;
      |                      [01;31m[K^~~~~[m[K
gmake[2]: *** [CMakeFiles/aruco_localization.dir/build.make:76: CMakeFiles/aruco_localization.dir/src/aruco_localization.cpp.o] Error 1
gmake[1]: *** [CMakeFiles/Makefile2:227: CMakeFiles/aruco_localization.dir/all] Error 2
gmake[1]: *** Waiting for unfinished jobs....
gmake: *** [Makefile:146: all] Error 2
