[0.041s] Invoking command in '/home/prhayogo/Downloads/Nexus_Gazebo/build/nexus_gazebo': CMAKE_PREFIX_PATH=${CMAKE_PREFIX_PATH}:/home/prhayogo/Documents/maen_ws/install/micro_ros_setup:/home/prhayogo/Documents/maen_ws/install/micro_ros_msgs:/home/prhayogo/Documents/maen_ws/install/drive_base_msgs:/home/prhayogo/Documents/robot_ws/install/gui_kfs_pkg:/home/prhayogo/Documents/robot_ws/install/mehua_forest:/home/prhayogo/Documents/robot_ws/install/mehuaStar:/opt/ros/jazzy DEBUGINFOD_URLS=https://debuginfod.ubuntu.com /usr/bin/cmake --build /home/prhayogo/Downloads/Nexus_Gazebo/build/nexus_gazebo -- -j16 -l16
[0.268s] [ 71%] [32mBuilding CXX object CMakeFiles/aruco.dir/src/aruco.cpp.o[0m
[0.268s] [ 71%] Built target cam
[0.268s] [ 71%] Built target movement
[0.269s] [ 71%] [32mBuilding CXX object CMakeFiles/cam_localization.dir/src/cam_localization.cpp.o[0m
[0.269s] [ 71%] Built target aruco_localization
[0.269s] [ 71%] Built target obstacle_avoidance
[0.269s] [ 85%] Built target waypoint
[11.305s] [ 92%] [32m[1mLinking CXX executable cam_localization[0m
[11.761s] [ 92%] Built target cam_localization
[12.671s] [100%] [32m[1mLinking CXX executable aruco[0m
[13.345s] [100%] Built target aruco
[13.361s] Invoked command in '/home/prhayogo/Downloads/Nexus_Gazebo/build/nexus_gazebo' returned '0': CMAKE_PREFIX_PATH=${CMAKE_PREFIX_PATH}:/home/prhayogo/Documents/maen_ws/install/micro_ros_setup:/home/prhayogo/Documents/maen_ws/install/micro_ros_msgs:/home/prhayogo/Documents/maen_ws/install/drive_base_msgs:/home/prhayogo/Documents/robot_ws/install/gui_kfs_pkg:/home/prhayogo/Documents/robot_ws/install/mehua_forest:/home/prhayogo/Documents/robot_ws/install/mehuaStar:/opt/ros/jazzy DEBUGINFOD_URLS=https://debuginfod.ubuntu.com /usr/bin/cmake --build /home/prhayogo/Downloads/Nexus_Gazebo/build/nexus_gazebo -- -j16 -l16
[13.375s] Invoking command in '/home/prhayogo/Downloads/Nexus_Gazebo/build/nexus_gazebo': CMAKE_PREFIX_PATH=${CMAKE_PREFIX_PATH}:/home/prhayogo/Documents/maen_ws/install/micro_ros_setup:/home/prhayogo/Documents/maen_ws/install/micro_ros_msgs:/home/prhayogo/Documents/maen_ws/install/drive_base_msgs:/home/prhayogo/Documents/robot_ws/install/gui_kfs_pkg:/home/prhayogo/Documents/robot_ws/install/mehua_forest:/home/prhayogo/Documents/robot_ws/install/mehuaStar:/opt/ros/jazzy DEBUGINFOD_URLS=https://debuginfod.ubuntu.com /usr/bin/cmake --install /home/prhayogo/Downloads/Nexus_Gazebo/build/nexus_gazebo
[13.386s] -- Install configuration: ""
[13.388s] -- Up-to-date: /home/prhayogo/Downloads/Nexus_Gazebo/install/nexus_gazebo/lib/nexus_gazebo/cam
[13.389s] -- Installing: /home/prhayogo/Downloads/Nexus_Gazebo/install/nexus_gazebo/lib/nexus_gazebo/cam_localization
[13.399s] -- Set non-toolchain portion of runtime path of "/home/prhayogo/Downloads/Nexus_Gazebo/install/nexus_gazebo/lib/nexus_gazebo/cam_localization" to ""
[13.400s] -- Up-to-date: /home/prhayogo/Downloads/Nexus_Gazebo/install/nexus_gazebo/lib/nexus_gazebo/obstacle_avoidance
[13.402s] -- Up-to-date: /home/prhayogo/Downloads/Nexus_Gazebo/install/nexus_gazebo/lib/nexus_gazebo/waypoint
[13.403s] -- Up-to-date: /home/prhayogo/Downloads/Nexus_Gazebo/install/nexus_gazebo/lib/nexus_gazebo/movement
[13.403s] -- Installing: /home/prhayogo/Downloads/Nexus_Gazebo/install/nexus_gazebo/lib/nexus_gazebo/aruco
[13.411s] -- Set non-toolchain portion of runtime path of "/home/prhayogo/Downloads/Nexus_Gazebo/install/nexus_gazebo/lib/nexus_gazebo/aruco" to ""
[13.412s] -- Up-to-date: /home/prhayogo/Downloads/Nexus_Gazebo/install/nexus_gazebo/lib/nexus_gazebo/aruco_localization
[13.412s] -- Up-to-date: /home/prhayogo/Downloads/Nexus_Gazebo/install/nexus_gazebo/share/ament_index/resource_index/package_run_dependencies/nexus_gazebo
[13.412s] -- Up-to-date: /home/prhayogo/Downloads/Nexus_Gazebo/install/nexus_gazebo/share/ament_index/resource_index/parent_prefix_path/nexus_gazebo
[13.413s] -- Up-to-date: /home/prhayogo/Downloads/Nexus_Gazebo/install/nexus_gazebo/share/nexus_gazebo/environment/ament_prefix_path.sh
[13.413s] -- Up-to-date: /home/prhayogo/Downloads/Nexus_Gazebo/install/nexus_gazebo/share/nexus_gazebo/environment/ament_prefix_path.dsv
[13.413s] -- Up-to-date: /home/prhayogo/Downloads/Nexus_Gazebo/install/nexus_gazebo/share/nexus_gazebo/environment/path.sh
[13.413s] -- Up-to-date: /home/prhayogo/Downloads/Nexus_Gazebo/install/nexus_gazebo/share/nexus_gazebo/environment/path.dsv
[13.413s] -- Up-to-date: /home/prhayogo/Downloads/Nexus_Gazebo/install/nexus_gazebo/share/nexus_gazebo/local_setup.bash
[13.413s] -- Up-to-date: /home/prhayogo/Downloads/Nexus_Gazebo/install/nexus_gazebo/share/nexus_gazebo/local_setup.sh
[13.413s] -- Up-to-date: /home/prhayogo/Downloads/Nexus_Gazebo/install/nexus_gazebo/share/nexus_gazebo/local_setup.zsh
[13.413s] -- Up-to-date: /home/prhayogo/Downloads/Nexus_Gazebo/install/nexus_gazebo/share/nexus_gazebo/local_setup.dsv
[13.413s] -- Installing: /home/prhayogo/Downloads/Nexus_Gazebo/install/nexus_gazebo/share/nexus_gazebo/package.dsv
[13.413s] -- Up-to-date: /home/prhayogo/Downloads/Nexus_Gazebo/install/nexus_gazebo/share/ament_index/resource_index/packages/nexus_gazebo
[13.413s] -- Up-to-date: /home/prhayogo/Downloads/Nexus_Gazebo/install/nexus_gazebo/share/nexus_gazebo/cmake/nexus_gazeboConfig.cmake
[13.414s] -- Up-to-date: /home/prhayogo/Downloads/Nexus_Gazebo/install/nexus_gazebo/share/nexus_gazebo/cmake/nexus_gazeboConfig-version.cmake
[13.414s] -- Up-to-date: /home/prhayogo/Downloads/Nexus_Gazebo/install/nexus_gazebo/share/nexus_gazebo/package.xml
[13.416s] Invoked command in '/home/prhayogo/Downloads/Nexus_Gazebo/build/nexus_gazebo' returned '0': CMAKE_PREFIX_PATH=${CMAKE_PREFIX_PATH}:/home/prhayogo/Documents/maen_ws/install/micro_ros_setup:/home/prhayogo/Documents/maen_ws/install/micro_ros_msgs:/home/prhayogo/Documents/maen_ws/install/drive_base_msgs:/home/prhayogo/Documents/robot_ws/install/gui_kfs_pkg:/home/prhayogo/Documents/robot_ws/install/mehua_forest:/home/prhayogo/Documents/robot_ws/install/mehuaStar:/opt/ros/jazzy DEBUGINFOD_URLS=https://debuginfod.ubuntu.com /usr/bin/cmake --install /home/prhayogo/Downloads/Nexus_Gazebo/build/nexus_gazebo
